<?xml version="1.0" encoding="UTF-8"?>
<testsuite xmlns:xsi="http://www.w3.org/2001/XMLSchema-instance" xsi:noNamespaceSchemaLocation="https://maven.apache.org/surefire/maven-surefire-plugin/xsd/surefire-test-report-3.0.xsd" version="3.0" name="com.ata.VehicleService.vehicle_service.service.impl.VehicleServiceImplTest" time="1.314" tests="6" errors="0" skipped="0" failures="0">
  <properties>
    <property name="java.specification.version" value="17"/>
    <property name="sun.jnu.encoding" value="UTF-8"/>
    <property name="java.class.path" value="/root/project/AutomationTravelAgency/vehicle-service/vehicle-service/target/test-classes:/root/project/AutomationTravelAgency/vehicle-service/vehicle-service/target/classes:/root/.m2/repository/org/springframework/boot/spring-boot-starter-data-jpa/3.3.3/spring-boot-starter-data-jpa-3.3.3.jar:/root/.m2/repository/org/springframework/boot/spring-boot-starter-aop/3.3.3/spring-boot-starter-aop-3.3.3.jar:/root/.m2/repository/org/springframework/spring-aop/6.1.12/spring-aop-6.1.12.jar:/root/.m2/repository/org/aspectj/aspectjweaver/1.9.22.1/aspectjweaver-1.9.22.1.jar:/root/.m2/repository/org/springframework/boot/spring-boot-starter-jdbc/3.3.3/spring-boot-starter-jdbc-3.3.3.jar:/root/.m2/repository/com/zaxxer/HikariCP/5.1.0/HikariCP-5.1.0.jar:/root/.m2/repository/org/springframework/spring-jdbc/6.1.12/spring-jdbc-6.1.12.jar:/root/.m2/repository/org/hibernate/orm/hibernate-core/6.5.2.Final/hibernate-core-6.5.2.Final.jar:/root/.m2/repository/jakarta/persistence/jakarta.persistence-api/3.1.0/jakarta.persistence-api-3.1.0.jar:/root/.m2/repository/jakarta/transaction/jakarta.transaction-api/2.0.1/jakarta.transaction-api-2.0.1.jar:/root/.m2/repository/org/jboss/logging/jboss-logging/3.5.3.Final/jboss-logging-3.5.3.Final.jar:/root/.m2/repository/org/hibernate/common/hibernate-commons-annotations/6.0.6.Final/hibernate-commons-annotations-6.0.6.Final.jar:/root/.m2/repository/io/smallrye/jandex/3.1.2/jandex-3.1.2.jar:/root/.m2/repository/com/fasterxml/classmate/1.7.0/classmate-1.7.0.jar:/root/.m2/repository/net/bytebuddy/byte-buddy/1.14.19/byte-buddy-1.14.19.jar:/root/.m2/repository/org/glassfish/jaxb/jaxb-runtime/4.0.5/jaxb-runtime-4.0.5.jar:/root/.m2/repository/org/glassfish/jaxb/jaxb-core/4.0.5/jaxb-core-4.0.5.jar:/root/.m2/repository/org/eclipse/angus/angus-activation/2.0.2/angus-activation-2.0.2.jar:/root/.m2/repository/org/glassfish/jaxb/txw2/4.0.5/txw2-4.0.5.jar:/root/.m2/repository/com/sun/istack/istack-commons-runtime/4.1.2/istack-commons-runtime-4.1.2.jar:/root/.m2/repository/jakarta/inject/jakarta.inject-api/2.0.1/jakarta.inject-api-2.0.1.jar:/root/.m2/repository/org/antlr/antlr4-runtime/4.13.0/antlr4-runtime-4.13.0.jar:/root/.m2/repository/org/springframework/data/spring-data-jpa/3.3.3/spring-data-jpa-3.3.3.jar:/root/.m2/repository/org/springframework/data/spring-data-commons/3.3.3/spring-data-commons-3.3.3.jar:/root/.m2/repository/org/springframework/spring-orm/6.1.12/spring-orm-6.1.12.jar:/root/.m2/repository/org/springframework/spring-context/6.1.12/spring-context-6.1.12.jar:/root/.m2/repository/org/springframework/spring-tx/6.1.12/spring-tx-6.1.12.jar:/root/.m2/repository/org/springframework/spring-beans/6.1.12/spring-beans-6.1.12.jar:/root/.m2/repository/jakarta/annotation/jakarta.annotation-api/2.1.1/jakarta.annotation-api-2.1.1.jar:/root/.m2/repository/org/springframework/spring-aspects/6.1.12/spring-aspects-6.1.12.jar:/root/.m2/repository/org/springframework/boot/spring-boot-starter-web/3.3.3/spring-boot-starter-web-3.3.3.jar:/root/.m2/repository/org/springframework/boot/spring-boot-starter/3.3.3/spring-boot-starter-3.3.3.jar:/root/.m2/repository/org/yaml/snakeyaml/2.2/snakeyaml-2.2.jar:/root/.m2/repository/org/springframework/boot/spring-boot-starter-json/3.3.3/spring-boot-starter-json-3.3.3.jar:/root/.m2/repository/com/fasterxml/jackson/core/jackson-databind/2.17.2/jackson-databind-2.17.2.jar:/root/.m2/repository/com/fasterxml/jackson/datatype/jackson-datatype-jdk8/2.17.2/jackson-datatype-jdk8-2.17.2.jar:/root/.m2/repository/com/fasterxml/jackson/datatype/jackson-datatype-jsr310/2.17.2/jackson-datatype-jsr310-2.17.2.jar:/root/.m2/repository/com/fasterxml/jackson/module/jackson-module-parameter-names/2.17.2/jackson-module-parameter-names-2.17.2.jar:/root/.m2/repository/org/springframework/boot/spring-boot-starter-tomcat/3.3.3/spring-boot-starter-tomcat-3.3.3.jar:/root/.m2/repository/org/apache/tomcat/embed/tomcat-embed-core/10.1.28/tomcat-embed-core-10.1.28.jar:/root/.m2/repository/org/apache/tomcat/embed/tomcat-embed-el/10.1.28/tomcat-embed-el-10.1.28.jar:/root/.m2/repository/org/apache/tomcat/embed/tomcat-embed-websocket/10.1.28/tomcat-embed-websocket-10.1.28.jar:/root/.m2/repository/org/springframework/spring-web/6.1.12/spring-web-6.1.12.jar:/root/.m2/repository/org/springframework/spring-webmvc/6.1.12/spring-webmvc-6.1.12.jar:/root/.m2/repository/org/springframework/spring-expression/6.1.12/spring-expression-6.1.12.jar:/root/.m2/repository/org/springframework/cloud/spring-cloud-starter-netflix-eureka-client/4.1.3/spring-cloud-starter-netflix-eureka-client-4.1.3.jar:/root/.m2/repository/org/springframework/cloud/spring-cloud-starter/4.1.4/spring-cloud-starter-4.1.4.jar:/root/.m2/repository/org/springframework/cloud/spring-cloud-context/4.1.4/spring-cloud-context-4.1.4.jar:/root/.m2/repository/org/springframework/security/spring-security-crypto/6.3.3/spring-security-crypto-6.3.3.jar:/root/.m2/repository/org/springframework/cloud/spring-cloud-commons/4.1.4/spring-cloud-commons-4.1.4.jar:/root/.m2/repository/org/springframework/security/spring-security-rsa/1.1.3/spring-security-rsa-1.1.3.jar:/root/.m2/repository/org/bouncycastle/bcprov-jdk18on/1.78/bcprov-jdk18on-1.78.jar:/root/.m2/repository/org/springframework/cloud/spring-cloud-netflix-eureka-client/4.1.3/spring-cloud-netflix-eureka-client-4.1.3.jar:/root/.m2/repository/org/apache/httpcomponents/client5/httpclient5/5.3.1/httpclient5-5.3.1.jar:/root/.m2/repository/org/apache/httpcomponents/core5/httpcore5/5.2.5/httpcore5-5.2.5.jar:/root/.m2/repository/org/apache/httpcomponents/core5/httpcore5-h2/5.2.5/httpcore5-h2-5.2.5.jar:/root/.m2/repository/com/netflix/eureka/eureka-client/2.0.3/eureka-client-2.0.3.jar:/root/.m2/repository/com/thoughtworks/xstream/xstream/1.4.20/xstream-1.4.20.jar:/root/.m2/repository/io/github/x-stream/mxparser/1.2.2/mxparser-1.2.2.jar:/root/.m2/repository/xmlpull/xmlpull/1.1.3.1/xmlpull-1.1.3.1.jar:/root/.m2/repository/jakarta/ws/rs/jakarta.ws.rs-api/3.1.0/jakarta.ws.rs-api-3.1.0.jar:/root/.m2/repository/com/netflix/spectator/spectator-api/1.7.3/spectator-api-1.7.3.jar:/root/.m2/repository/org/apache/httpcomponents/httpclient/4.5.3/httpclient-4.5.3.jar:/root/.m2/repository/org/apache/httpcomponents/httpcore/4.4.16/httpcore-4.4.16.jar:/root/.m2/repository/commons-codec/commons-codec/1.16.1/commons-codec-1.16.1.jar:/root/.m2/repository/commons-configuration/commons-configuration/1.10/commons-configuration-1.10.jar:/root/.m2/repository/commons-lang/commons-lang/2.6/commons-lang-2.6.jar:/root/.m2/repository/com/fasterxml/jackson/core/jackson-annotations/2.17.2/jackson-annotations-2.17.2.jar:/root/.m2/repository/com/fasterxml/jackson/core/jackson-core/2.17.2/jackson-core-2.17.2.jar:/root/.m2/repository/com/netflix/netflix-commons/netflix-eventbus/0.3.0/netflix-eventbus-0.3.0.jar:/root/.m2/repository/com/netflix/netflix-commons/netflix-infix/0.3.0/netflix-infix-0.3.0.jar:/root/.m2/repository/commons-jxpath/commons-jxpath/1.3/commons-jxpath-1.3.jar:/root/.m2/repository/joda-time/joda-time/2.3/joda-time-2.3.jar:/root/.m2/repository/org/antlr/antlr-runtime/3.4/antlr-runtime-3.4.jar:/root/.m2/repository/org/antlr/stringtemplate/3.2.1/stringtemplate-3.2.1.jar:/root/.m2/repository/antlr/antlr/2.7.7/antlr-2.7.7.jar:/root/.m2/repository/com/google/code/gson/gson/2.10.1/gson-2.10.1.jar:/root/.m2/repository/com/netflix/servo/servo-core/0.5.3/servo-core-0.5.3.jar:/root/.m2/repository/org/apache/commons/commons-math/2.2/commons-math-2.2.jar:/root/.m2/repository/javax/annotation/javax.annotation-api/1.2/javax.annotation-api-1.2.jar:/root/.m2/repository/org/codehaus/jettison/jettison/1.5.4/jettison-1.5.4.jar:/root/.m2/repository/com/netflix/eureka/eureka-core/2.0.3/eureka-core-2.0.3.jar:/root/.m2/repository/com/fasterxml/woodstox/woodstox-core/6.2.1/woodstox-core-6.2.1.jar:/root/.m2/repository/org/codehaus/woodstox/stax2-api/4.2.1/stax2-api-4.2.1.jar:/root/.m2/repository/com/google/guava/guava/33.0.0-jre/guava-33.0.0-jre.jar:/root/.m2/repository/com/google/guava/failureaccess/1.0.2/failureaccess-1.0.2.jar:/root/.m2/repository/com/google/guava/listenablefuture/9999.0-empty-to-avoid-conflict-with-guava/listenablefuture-9999.0-empty-to-avoid-conflict-with-guava.jar:/root/.m2/repository/com/google/errorprone/error_prone_annotations/2.23.0/error_prone_annotations-2.23.0.jar:/root/.m2/repository/com/google/j2objc/j2objc-annotations/2.8/j2objc-annotations-2.8.jar:/root/.m2/repository/org/springframework/cloud/spring-cloud-starter-loadbalancer/4.1.4/spring-cloud-starter-loadbalancer-4.1.4.jar:/root/.m2/repository/org/springframework/cloud/spring-cloud-loadbalancer/4.1.4/spring-cloud-loadbalancer-4.1.4.jar:/root/.m2/repository/io/projectreactor/reactor-core/3.6.9/reactor-core-3.6.9.jar:/root/.m2/repository/org/reactivestreams/reactive-streams/1.0.4/reactive-streams-1.0.4.jar:/root/.m2/repository/io/projectreactor/addons/reactor-extra/3.5.2/reactor-extra-3.5.2.jar:/root/.m2/repository/org/springframework/boot/spring-boot-starter-cache/3.3.3/spring-boot-starter-cache-3.3.3.jar:/root/.m2/repository/org/springframework/spring-context-support/6.1.12/spring-context-support-6.1.12.jar:/root/.m2/repository/com/stoyanr/evictor/1.0.0/evictor-1.0.0.jar:/root/.m2/repository/org/springframework/boot/spring-boot-devtools/3.3.3/spring-boot-devtools-3.3.3.jar:/root/.m2/repository/org/springframework/boot/spring-boot/3.3.3/spring-boot-3.3.3.jar:/root/.m2/repository/org/springframework/boot/spring-boot-autoconfigure/3.3.3/spring-boot-autoconfigure-3.3.3.jar:/root/.m2/repository/org/postgresql/postgresql/42.7.3/postgresql-42.7.3.jar:/root/.m2/repository/org/checkerframework/checker-qual/3.42.0/checker-qual-3.42.0.jar:/root/.m2/repository/org/springframework/boot/spring-boot-starter-logging/3.3.3/spring-boot-starter-logging-3.3.3.jar:/root/.m2/repository/org/apache/logging/log4j/log4j-to-slf4j/2.23.1/log4j-to-slf4j-2.23.1.jar:/root/.m2/repository/org/apache/logging/log4j/log4j-api/2.23.1/log4j-api-2.23.1.jar:/root/.m2/repository/org/slf4j/jul-to-slf4j/2.0.16/jul-to-slf4j-2.0.16.jar:/root/.m2/repository/org/slf4j/slf4j-api/2.0.16/slf4j-api-2.0.16.jar:/root/.m2/repository/ch/qos/logback/logback-classic/1.5.7/logback-classic-1.5.7.jar:/root/.m2/repository/ch/qos/logback/logback-core/1.5.7/logback-core-1.5.7.jar:/root/.m2/repository/org/springframework/boot/spring-boot-starter-actuator/3.3.3/spring-boot-starter-actuator-3.3.3.jar:/root/.m2/repository/org/springframework/boot/spring-boot-actuator-autoconfigure/3.3.3/spring-boot-actuator-autoconfigure-3.3.3.jar:/root/.m2/repository/org/springframework/boot/spring-boot-actuator/3.3.3/spring-boot-actuator-3.3.3.jar:/root/.m2/repository/io/micrometer/micrometer-observation/1.13.3/micrometer-observation-1.13.3.jar:/root/.m2/repository/io/micrometer/micrometer-commons/1.13.3/micrometer-commons-1.13.3.jar:/root/.m2/repository/io/micrometer/micrometer-jakarta9/1.13.3/micrometer-jakarta9-1.13.3.jar:/root/.m2/repository/io/micrometer/micrometer-core/1.13.3/micrometer-core-1.13.3.jar:/root/.m2/repository/org/hdrhistogram/HdrHistogram/2.2.2/HdrHistogram-2.2.2.jar:/root/.m2/repository/org/latencyutils/LatencyUtils/2.0.3/LatencyUtils-2.0.3.jar:/root/.m2/repository/org/projectlombok/lombok/1.18.34/lombok-1.18.34.jar:/root/.m2/repository/org/springframework/boot/spring-boot-starter-test/3.3.3/spring-boot-starter-test-3.3.3.jar:/root/.m2/repository/org/springframework/boot/spring-boot-test/3.3.3/spring-boot-test-3.3.3.jar:/root/.m2/repository/org/springframework/boot/spring-boot-test-autoconfigure/3.3.3/spring-boot-test-autoconfigure-3.3.3.jar:/root/.m2/repository/com/jayway/jsonpath/json-path/2.9.0/json-path-2.9.0.jar:/root/.m2/repository/jakarta/xml/bind/jakarta.xml.bind-api/4.0.2/jakarta.xml.bind-api-4.0.2.jar:/root/.m2/repository/jakarta/activation/jakarta.activation-api/2.1.3/jakarta.activation-api-2.1.3.jar:/root/.m2/repository/net/minidev/json-smart/2.5.1/json-smart-2.5.1.jar:/root/.m2/repository/net/minidev/accessors-smart/2.5.1/accessors-smart-2.5.1.jar:/root/.m2/repository/org/ow2/asm/asm/9.6/asm-9.6.jar:/root/.m2/repository/org/assertj/assertj-core/3.25.3/assertj-core-3.25.3.jar:/root/.m2/repository/org/awaitility/awaitility/4.2.2/awaitility-4.2.2.jar:/root/.m2/repository/org/hamcrest/hamcrest/2.2/hamcrest-2.2.jar:/root/.m2/repository/org/junit/jupiter/junit-jupiter/5.10.3/junit-jupiter-5.10.3.jar:/root/.m2/repository/org/junit/jupiter/junit-jupiter-api/5.10.3/junit-jupiter-api-5.10.3.jar:/root/.m2/repository/org/opentest4j/opentest4j/1.3.0/opentest4j-1.3.0.jar:/root/.m2/repository/org/junit/platform/junit-platform-commons/1.10.3/junit-platform-commons-1.10.3.jar:/root/.m2/repository/org/apiguardian/apiguardian-api/1.1.2/apiguardian-api-1.1.2.jar:/root/.m2/repository/org/junit/jupiter/junit-jupiter-params/5.10.3/junit-jupiter-params-5.10.3.jar:/root/.m2/repository/org/junit/jupiter/junit-jupiter-engine/5.10.3/junit-jupiter-engine-5.10.3.jar:/root/.m2/repository/org/junit/platform/junit-platform-engine/1.10.3/junit-platform-engine-1.10.3.jar:/root/.m2/repository/org/mockito/mockito-core/5.11.0/mockito-core-5.11.0.jar:/root/.m2/repository/net/bytebuddy/byte-buddy-agent/1.14.19/byte-buddy-agent-1.14.19.jar:/root/.m2/repository/org/objenesis/objenesis/3.3/objenesis-3.3.jar:/root/.m2/repository/org/mockito/mockito-junit-jupiter/5.11.0/mockito-junit-jupiter-5.11.0.jar:/root/.m2/repository/org/skyscreamer/jsonassert/1.5.3/jsonassert-1.5.3.jar:/root/.m2/repository/com/vaadin/external/google/android-json/0.0.20131108.vaadin1/android-json-0.0.20131108.vaadin1.jar:/root/.m2/repository/org/springframework/spring-core/6.1.12/spring-core-6.1.12.jar:/root/.m2/repository/org/springframework/spring-jcl/6.1.12/spring-jcl-6.1.12.jar:/root/.m2/repository/org/springframework/spring-test/6.1.12/spring-test-6.1.12.jar:/root/.m2/repository/org/xmlunit/xmlunit-core/2.9.1/xmlunit-core-2.9.1.jar:"/>
    <property name="java.vm.vendor" value="Ubuntu"/>
    <property name="sun.arch.data.model" value="64"/>
    <property name="java.vendor.url" value="https://ubuntu.com/"/>
    <property name="user.timezone" value="Etc/UTC"/>
    <property name="os.name" value="Linux"/>
    <property name="java.vm.specification.version" value="17"/>
    <property name="sun.java.launcher" value="SUN_STANDARD"/>
    <property name="sun.boot.library.path" value="/usr/lib/jvm/java-17-openjdk-amd64/lib"/>
    <property name="sun.java.command" value="/root/project/AutomationTravelAgency/vehicle-service/vehicle-service/target/surefire/surefirebooter-20240920064903940_3.jar /root/project/AutomationTravelAgency/vehicle-service/vehicle-service/target/surefire 2024-09-20T06-49-03_854-jvmRun1 surefire-20240920064903940_1tmp surefire_0-20240920064903940_2tmp"/>
    <property name="jdk.debug" value="release"/>
    <property name="surefire.test.class.path" value="/root/project/AutomationTravelAgency/vehicle-service/vehicle-service/target/test-classes:/root/project/AutomationTravelAgency/vehicle-service/vehicle-service/target/classes:/root/.m2/repository/org/springframework/boot/spring-boot-starter-data-jpa/3.3.3/spring-boot-starter-data-jpa-3.3.3.jar:/root/.m2/repository/org/springframework/boot/spring-boot-starter-aop/3.3.3/spring-boot-starter-aop-3.3.3.jar:/root/.m2/repository/org/springframework/spring-aop/6.1.12/spring-aop-6.1.12.jar:/root/.m2/repository/org/aspectj/aspectjweaver/1.9.22.1/aspectjweaver-1.9.22.1.jar:/root/.m2/repository/org/springframework/boot/spring-boot-starter-jdbc/3.3.3/spring-boot-starter-jdbc-3.3.3.jar:/root/.m2/repository/com/zaxxer/HikariCP/5.1.0/HikariCP-5.1.0.jar:/root/.m2/repository/org/springframework/spring-jdbc/6.1.12/spring-jdbc-6.1.12.jar:/root/.m2/repository/org/hibernate/orm/hibernate-core/6.5.2.Final/hibernate-core-6.5.2.Final.jar:/root/.m2/repository/jakarta/persistence/jakarta.persistence-api/3.1.0/jakarta.persistence-api-3.1.0.jar:/root/.m2/repository/jakarta/transaction/jakarta.transaction-api/2.0.1/jakarta.transaction-api-2.0.1.jar:/root/.m2/repository/org/jboss/logging/jboss-logging/3.5.3.Final/jboss-logging-3.5.3.Final.jar:/root/.m2/repository/org/hibernate/common/hibernate-commons-annotations/6.0.6.Final/hibernate-commons-annotations-6.0.6.Final.jar:/root/.m2/repository/io/smallrye/jandex/3.1.2/jandex-3.1.2.jar:/root/.m2/repository/com/fasterxml/classmate/1.7.0/classmate-1.7.0.jar:/root/.m2/repository/net/bytebuddy/byte-buddy/1.14.19/byte-buddy-1.14.19.jar:/root/.m2/repository/org/glassfish/jaxb/jaxb-runtime/4.0.5/jaxb-runtime-4.0.5.jar:/root/.m2/repository/org/glassfish/jaxb/jaxb-core/4.0.5/jaxb-core-4.0.5.jar:/root/.m2/repository/org/eclipse/angus/angus-activation/2.0.2/angus-activation-2.0.2.jar:/root/.m2/repository/org/glassfish/jaxb/txw2/4.0.5/txw2-4.0.5.jar:/root/.m2/repository/com/sun/istack/istack-commons-runtime/4.1.2/istack-commons-runtime-4.1.2.jar:/root/.m2/repository/jakarta/inject/jakarta.inject-api/2.0.1/jakarta.inject-api-2.0.1.jar:/root/.m2/repository/org/antlr/antlr4-runtime/4.13.0/antlr4-runtime-4.13.0.jar:/root/.m2/repository/org/springframework/data/spring-data-jpa/3.3.3/spring-data-jpa-3.3.3.jar:/root/.m2/repository/org/springframework/data/spring-data-commons/3.3.3/spring-data-commons-3.3.3.jar:/root/.m2/repository/org/springframework/spring-orm/6.1.12/spring-orm-6.1.12.jar:/root/.m2/repository/org/springframework/spring-context/6.1.12/spring-context-6.1.12.jar:/root/.m2/repository/org/springframework/spring-tx/6.1.12/spring-tx-6.1.12.jar:/root/.m2/repository/org/springframework/spring-beans/6.1.12/spring-beans-6.1.12.jar:/root/.m2/repository/jakarta/annotation/jakarta.annotation-api/2.1.1/jakarta.annotation-api-2.1.1.jar:/root/.m2/repository/org/springframework/spring-aspects/6.1.12/spring-aspects-6.1.12.jar:/root/.m2/repository/org/springframework/boot/spring-boot-starter-web/3.3.3/spring-boot-starter-web-3.3.3.jar:/root/.m2/repository/org/springframework/boot/spring-boot-starter/3.3.3/spring-boot-starter-3.3.3.jar:/root/.m2/repository/org/yaml/snakeyaml/2.2/snakeyaml-2.2.jar:/root/.m2/repository/org/springframework/boot/spring-boot-starter-json/3.3.3/spring-boot-starter-json-3.3.3.jar:/root/.m2/repository/com/fasterxml/jackson/core/jackson-databind/2.17.2/jackson-databind-2.17.2.jar:/root/.m2/repository/com/fasterxml/jackson/datatype/jackson-datatype-jdk8/2.17.2/jackson-datatype-jdk8-2.17.2.jar:/root/.m2/repository/com/fasterxml/jackson/datatype/jackson-datatype-jsr310/2.17.2/jackson-datatype-jsr310-2.17.2.jar:/root/.m2/repository/com/fasterxml/jackson/module/jackson-module-parameter-names/2.17.2/jackson-module-parameter-names-2.17.2.jar:/root/.m2/repository/org/springframework/boot/spring-boot-starter-tomcat/3.3.3/spring-boot-starter-tomcat-3.3.3.jar:/root/.m2/repository/org/apache/tomcat/embed/tomcat-embed-core/10.1.28/tomcat-embed-core-10.1.28.jar:/root/.m2/repository/org/apache/tomcat/embed/tomcat-embed-el/10.1.28/tomcat-embed-el-10.1.28.jar:/root/.m2/repository/org/apache/tomcat/embed/tomcat-embed-websocket/10.1.28/tomcat-embed-websocket-10.1.28.jar:/root/.m2/repository/org/springframework/spring-web/6.1.12/spring-web-6.1.12.jar:/root/.m2/repository/org/springframework/spring-webmvc/6.1.12/spring-webmvc-6.1.12.jar:/root/.m2/repository/org/springframework/spring-expression/6.1.12/spring-expression-6.1.12.jar:/root/.m2/repository/org/springframework/cloud/spring-cloud-starter-netflix-eureka-client/4.1.3/spring-cloud-starter-netflix-eureka-client-4.1.3.jar:/root/.m2/repository/org/springframework/cloud/spring-cloud-starter/4.1.4/spring-cloud-starter-4.1.4.jar:/root/.m2/repository/org/springframework/cloud/spring-cloud-context/4.1.4/spring-cloud-context-4.1.4.jar:/root/.m2/repository/org/springframework/security/spring-security-crypto/6.3.3/spring-security-crypto-6.3.3.jar:/root/.m2/repository/org/springframework/cloud/spring-cloud-commons/4.1.4/spring-cloud-commons-4.1.4.jar:/root/.m2/repository/org/springframework/security/spring-security-rsa/1.1.3/spring-security-rsa-1.1.3.jar:/root/.m2/repository/org/bouncycastle/bcprov-jdk18on/1.78/bcprov-jdk18on-1.78.jar:/root/.m2/repository/org/springframework/cloud/spring-cloud-netflix-eureka-client/4.1.3/spring-cloud-netflix-eureka-client-4.1.3.jar:/root/.m2/repository/org/apache/httpcomponents/client5/httpclient5/5.3.1/httpclient5-5.3.1.jar:/root/.m2/repository/org/apache/httpcomponents/core5/httpcore5/5.2.5/httpcore5-5.2.5.jar:/root/.m2/repository/org/apache/httpcomponents/core5/httpcore5-h2/5.2.5/httpcore5-h2-5.2.5.jar:/root/.m2/repository/com/netflix/eureka/eureka-client/2.0.3/eureka-client-2.0.3.jar:/root/.m2/repository/com/thoughtworks/xstream/xstream/1.4.20/xstream-1.4.20.jar:/root/.m2/repository/io/github/x-stream/mxparser/1.2.2/mxparser-1.2.2.jar:/root/.m2/repository/xmlpull/xmlpull/1.1.3.1/xmlpull-1.1.3.1.jar:/root/.m2/repository/jakarta/ws/rs/jakarta.ws.rs-api/3.1.0/jakarta.ws.rs-api-3.1.0.jar:/root/.m2/repository/com/netflix/spectator/spectator-api/1.7.3/spectator-api-1.7.3.jar:/root/.m2/repository/org/apache/httpcomponents/httpclient/4.5.3/httpclient-4.5.3.jar:/root/.m2/repository/org/apache/httpcomponents/httpcore/4.4.16/httpcore-4.4.16.jar:/root/.m2/repository/commons-codec/commons-codec/1.16.1/commons-codec-1.16.1.jar:/root/.m2/repository/commons-configuration/commons-configuration/1.10/commons-configuration-1.10.jar:/root/.m2/repository/commons-lang/commons-lang/2.6/commons-lang-2.6.jar:/root/.m2/repository/com/fasterxml/jackson/core/jackson-annotations/2.17.2/jackson-annotations-2.17.2.jar:/root/.m2/repository/com/fasterxml/jackson/core/jackson-core/2.17.2/jackson-core-2.17.2.jar:/root/.m2/repository/com/netflix/netflix-commons/netflix-eventbus/0.3.0/netflix-eventbus-0.3.0.jar:/root/.m2/repository/com/netflix/netflix-commons/netflix-infix/0.3.0/netflix-infix-0.3.0.jar:/root/.m2/repository/commons-jxpath/commons-jxpath/1.3/commons-jxpath-1.3.jar:/root/.m2/repository/joda-time/joda-time/2.3/joda-time-2.3.jar:/root/.m2/repository/org/antlr/antlr-runtime/3.4/antlr-runtime-3.4.jar:/root/.m2/repository/org/antlr/stringtemplate/3.2.1/stringtemplate-3.2.1.jar:/root/.m2/repository/antlr/antlr/2.7.7/antlr-2.7.7.jar:/root/.m2/repository/com/google/code/gson/gson/2.10.1/gson-2.10.1.jar:/root/.m2/repository/com/netflix/servo/servo-core/0.5.3/servo-core-0.5.3.jar:/root/.m2/repository/org/apache/commons/commons-math/2.2/commons-math-2.2.jar:/root/.m2/repository/javax/annotation/javax.annotation-api/1.2/javax.annotation-api-1.2.jar:/root/.m2/repository/org/codehaus/jettison/jettison/1.5.4/jettison-1.5.4.jar:/root/.m2/repository/com/netflix/eureka/eureka-core/2.0.3/eureka-core-2.0.3.jar:/root/.m2/repository/com/fasterxml/woodstox/woodstox-core/6.2.1/woodstox-core-6.2.1.jar:/root/.m2/repository/org/codehaus/woodstox/stax2-api/4.2.1/stax2-api-4.2.1.jar:/root/.m2/repository/com/google/guava/guava/33.0.0-jre/guava-33.0.0-jre.jar:/root/.m2/repository/com/google/guava/failureaccess/1.0.2/failureaccess-1.0.2.jar:/root/.m2/repository/com/google/guava/listenablefuture/9999.0-empty-to-avoid-conflict-with-guava/listenablefuture-9999.0-empty-to-avoid-conflict-with-guava.jar:/root/.m2/repository/com/google/errorprone/error_prone_annotations/2.23.0/error_prone_annotations-2.23.0.jar:/root/.m2/repository/com/google/j2objc/j2objc-annotations/2.8/j2objc-annotations-2.8.jar:/root/.m2/repository/org/springframework/cloud/spring-cloud-starter-loadbalancer/4.1.4/spring-cloud-starter-loadbalancer-4.1.4.jar:/root/.m2/repository/org/springframework/cloud/spring-cloud-loadbalancer/4.1.4/spring-cloud-loadbalancer-4.1.4.jar:/root/.m2/repository/io/projectreactor/reactor-core/3.6.9/reactor-core-3.6.9.jar:/root/.m2/repository/org/reactivestreams/reactive-streams/1.0.4/reactive-streams-1.0.4.jar:/root/.m2/repository/io/projectreactor/addons/reactor-extra/3.5.2/reactor-extra-3.5.2.jar:/root/.m2/repository/org/springframework/boot/spring-boot-starter-cache/3.3.3/spring-boot-starter-cache-3.3.3.jar:/root/.m2/repository/org/springframework/spring-context-support/6.1.12/spring-context-support-6.1.12.jar:/root/.m2/repository/com/stoyanr/evictor/1.0.0/evictor-1.0.0.jar:/root/.m2/repository/org/springframework/boot/spring-boot-devtools/3.3.3/spring-boot-devtools-3.3.3.jar:/root/.m2/repository/org/springframework/boot/spring-boot/3.3.3/spring-boot-3.3.3.jar:/root/.m2/repository/org/springframework/boot/spring-boot-autoconfigure/3.3.3/spring-boot-autoconfigure-3.3.3.jar:/root/.m2/repository/org/postgresql/postgresql/42.7.3/postgresql-42.7.3.jar:/root/.m2/repository/org/checkerframework/checker-qual/3.42.0/checker-qual-3.42.0.jar:/root/.m2/repository/org/springframework/boot/spring-boot-starter-logging/3.3.3/spring-boot-starter-logging-3.3.3.jar:/root/.m2/repository/org/apache/logging/log4j/log4j-to-slf4j/2.23.1/log4j-to-slf4j-2.23.1.jar:/root/.m2/repository/org/apache/logging/log4j/log4j-api/2.23.1/log4j-api-2.23.1.jar:/root/.m2/repository/org/slf4j/jul-to-slf4j/2.0.16/jul-to-slf4j-2.0.16.jar:/root/.m2/repository/org/slf4j/slf4j-api/2.0.16/slf4j-api-2.0.16.jar:/root/.m2/repository/ch/qos/logback/logback-classic/1.5.7/logback-classic-1.5.7.jar:/root/.m2/repository/ch/qos/logback/logback-core/1.5.7/logback-core-1.5.7.jar:/root/.m2/repository/org/springframework/boot/spring-boot-starter-actuator/3.3.3/spring-boot-starter-actuator-3.3.3.jar:/root/.m2/repository/org/springframework/boot/spring-boot-actuator-autoconfigure/3.3.3/spring-boot-actuator-autoconfigure-3.3.3.jar:/root/.m2/repository/org/springframework/boot/spring-boot-actuator/3.3.3/spring-boot-actuator-3.3.3.jar:/root/.m2/repository/io/micrometer/micrometer-observation/1.13.3/micrometer-observation-1.13.3.jar:/root/.m2/repository/io/micrometer/micrometer-commons/1.13.3/micrometer-commons-1.13.3.jar:/root/.m2/repository/io/micrometer/micrometer-jakarta9/1.13.3/micrometer-jakarta9-1.13.3.jar:/root/.m2/repository/io/micrometer/micrometer-core/1.13.3/micrometer-core-1.13.3.jar:/root/.m2/repository/org/hdrhistogram/HdrHistogram/2.2.2/HdrHistogram-2.2.2.jar:/root/.m2/repository/org/latencyutils/LatencyUtils/2.0.3/LatencyUtils-2.0.3.jar:/root/.m2/repository/org/projectlombok/lombok/1.18.34/lombok-1.18.34.jar:/root/.m2/repository/org/springframework/boot/spring-boot-starter-test/3.3.3/spring-boot-starter-test-3.3.3.jar:/root/.m2/repository/org/springframework/boot/spring-boot-test/3.3.3/spring-boot-test-3.3.3.jar:/root/.m2/repository/org/springframework/boot/spring-boot-test-autoconfigure/3.3.3/spring-boot-test-autoconfigure-3.3.3.jar:/root/.m2/repository/com/jayway/jsonpath/json-path/2.9.0/json-path-2.9.0.jar:/root/.m2/repository/jakarta/xml/bind/jakarta.xml.bind-api/4.0.2/jakarta.xml.bind-api-4.0.2.jar:/root/.m2/repository/jakarta/activation/jakarta.activation-api/2.1.3/jakarta.activation-api-2.1.3.jar:/root/.m2/repository/net/minidev/json-smart/2.5.1/json-smart-2.5.1.jar:/root/.m2/repository/net/minidev/accessors-smart/2.5.1/accessors-smart-2.5.1.jar:/root/.m2/repository/org/ow2/asm/asm/9.6/asm-9.6.jar:/root/.m2/repository/org/assertj/assertj-core/3.25.3/assertj-core-3.25.3.jar:/root/.m2/repository/org/awaitility/awaitility/4.2.2/awaitility-4.2.2.jar:/root/.m2/repository/org/hamcrest/hamcrest/2.2/hamcrest-2.2.jar:/root/.m2/repository/org/junit/jupiter/junit-jupiter/5.10.3/junit-jupiter-5.10.3.jar:/root/.m2/repository/org/junit/jupiter/junit-jupiter-api/5.10.3/junit-jupiter-api-5.10.3.jar:/root/.m2/repository/org/opentest4j/opentest4j/1.3.0/opentest4j-1.3.0.jar:/root/.m2/repository/org/junit/platform/junit-platform-commons/1.10.3/junit-platform-commons-1.10.3.jar:/root/.m2/repository/org/apiguardian/apiguardian-api/1.1.2/apiguardian-api-1.1.2.jar:/root/.m2/repository/org/junit/jupiter/junit-jupiter-params/5.10.3/junit-jupiter-params-5.10.3.jar:/root/.m2/repository/org/junit/jupiter/junit-jupiter-engine/5.10.3/junit-jupiter-engine-5.10.3.jar:/root/.m2/repository/org/junit/platform/junit-platform-engine/1.10.3/junit-platform-engine-1.10.3.jar:/root/.m2/repository/org/mockito/mockito-core/5.11.0/mockito-core-5.11.0.jar:/root/.m2/repository/net/bytebuddy/byte-buddy-agent/1.14.19/byte-buddy-agent-1.14.19.jar:/root/.m2/repository/org/objenesis/objenesis/3.3/objenesis-3.3.jar:/root/.m2/repository/org/mockito/mockito-junit-jupiter/5.11.0/mockito-junit-jupiter-5.11.0.jar:/root/.m2/repository/org/skyscreamer/jsonassert/1.5.3/jsonassert-1.5.3.jar:/root/.m2/repository/com/vaadin/external/google/android-json/0.0.20131108.vaadin1/android-json-0.0.20131108.vaadin1.jar:/root/.m2/repository/org/springframework/spring-core/6.1.12/spring-core-6.1.12.jar:/root/.m2/repository/org/springframework/spring-jcl/6.1.12/spring-jcl-6.1.12.jar:/root/.m2/repository/org/springframework/spring-test/6.1.12/spring-test-6.1.12.jar:/root/.m2/repository/org/xmlunit/xmlunit-core/2.9.1/xmlunit-core-2.9.1.jar:"/>
    <property name="sun.cpu.endian" value="little"/>
    <property name="user.home" value="/root"/>
    <property name="user.language" value="en"/>
    <property name="java.specification.vendor" value="Oracle Corporation"/>
    <property name="java.version.date" value="2024-07-16"/>
    <property name="java.home" value="/usr/lib/jvm/java-17-openjdk-amd64"/>
    <property name="file.separator" value="/"/>
    <property name="basedir" value="/root/project/AutomationTravelAgency/vehicle-service/vehicle-service"/>
    <property name="java.vm.compressedOopsMode" value="32-bit"/>
    <property name="line.separator" value="&#10;"/>
    <property name="java.vm.specification.vendor" value="Oracle Corporation"/>
    <property name="java.specification.name" value="Java Platform API Specification"/>
    <property name="surefire.real.class.path" value="/root/project/AutomationTravelAgency/vehicle-service/vehicle-service/target/surefire/surefirebooter-20240920064903940_3.jar"/>
    <property name="sun.management.compiler" value="HotSpot 64-Bit Tiered Compilers"/>
    <property name="java.runtime.version" value="17.0.12+7-Ubuntu-1ubuntu222.04"/>
    <property name="user.name" value="root"/>
    <property name="path.separator" value=":"/>
    <property name="os.version" value="6.5.0-1022-aws"/>
    <property name="java.runtime.name" value="OpenJDK Runtime Environment"/>
    <property name="file.encoding" value="UTF-8"/>
    <property name="java.vm.name" value="OpenJDK 64-Bit Server VM"/>
    <property name="localRepository" value="/root/.m2/repository"/>
    <property name="java.vendor.url.bug" value="https://bugs.launchpad.net/ubuntu/+source/openjdk-17"/>
    <property name="java.io.tmpdir" value="/tmp"/>
    <property name="java.version" value="17.0.12"/>
    <property name="user.dir" value="/root/project/AutomationTravelAgency/vehicle-service/vehicle-service"/>
    <property name="os.arch" value="amd64"/>
    <property name="java.vm.specification.name" value="Java Virtual Machine Specification"/>
    <property name="native.encoding" value="UTF-8"/>
    <property name="java.library.path" value="/usr/java/packages/lib:/usr/lib/x86_64-linux-gnu/jni:/lib/x86_64-linux-gnu:/usr/lib/x86_64-linux-gnu:/usr/lib/jni:/lib:/usr/lib"/>
    <property name="java.vm.info" value="mixed mode, sharing"/>
    <property name="java.vendor" value="Ubuntu"/>
    <property name="java.vm.version" value="17.0.12+7-Ubuntu-1ubuntu222.04"/>
    <property name="sun.io.unicode.encoding" value="UnicodeLittle"/>
    <property name="java.class.version" value="61.0"/>
  </properties>
  <testcase name="testGetVehicleById_Success" classname="com.ata.VehicleService.vehicle_service.service.impl.VehicleServiceImplTest" time="1.193">
    <system-out><![CDATA[06:49:05.780 [main] INFO com.ata.VehicleService.vehicle_service.serviceimpl.VehicleServiceImpl -- Fetching vehicle with id: 1
]]></system-out>
  </testcase>
  <testcase name="testDeleteVehicleById_Success" classname="com.ata.VehicleService.vehicle_service.service.impl.VehicleServiceImplTest" time="0.008">
    <system-out><![CDATA[06:49:05.847 [main] INFO com.ata.VehicleService.vehicle_service.serviceimpl.VehicleServiceImpl -- Deleting vehicle with id: 1
06:49:05.848 [main] INFO com.ata.VehicleService.vehicle_service.serviceimpl.VehicleServiceImpl -- Vehicle deleted with id: 1
]]></system-out>
  </testcase>
  <testcase name="testGetAllVehicles" classname="com.ata.VehicleService.vehicle_service.service.impl.VehicleServiceImplTest" time="0.007">
    <system-out><![CDATA[06:49:05.859 [main] INFO com.ata.VehicleService.vehicle_service.serviceimpl.VehicleServiceImpl -- Fetching all vehicles
]]></system-out>
  </testcase>
  <testcase name="testSaveVehicle" classname="com.ata.VehicleService.vehicle_service.service.impl.VehicleServiceImplTest" time="0.023">
    <system-out><![CDATA[06:49:05.869 [main] INFO com.ata.VehicleService.vehicle_service.serviceimpl.VehicleServiceImpl -- Saving vehicle: VehicleEntity(id=null, model=null, licensePlate=null, capacity=0)
]]></system-out>
  </testcase>
  <testcase name="testGetVehicleById_NotFound" classname="com.ata.VehicleService.vehicle_service.service.impl.VehicleServiceImplTest" time="0.008">
    <system-out><![CDATA[06:49:05.899 [main] INFO com.ata.VehicleService.vehicle_service.serviceimpl.VehicleServiceImpl -- Fetching vehicle with id: 1
06:49:05.899 [main] ERROR com.ata.VehicleService.vehicle_service.serviceimpl.VehicleServiceImpl -- Vehicle not found with id: 1
]]></system-out>
  </testcase>
  <testcase name="testDeleteVehicleById_NotFound" classname="com.ata.VehicleService.vehicle_service.service.impl.VehicleServiceImplTest" time="0.005">
    <system-out><![CDATA[06:49:05.909 [main] INFO com.ata.VehicleService.vehicle_service.serviceimpl.VehicleServiceImpl -- Deleting vehicle with id: 1
06:49:05.909 [main] ERROR com.ata.VehicleService.vehicle_service.serviceimpl.VehicleServiceImpl -- Vehicle not found with id: 1
]]></system-out>
  </testcase>
</testsuite>